<?xml version="1.0" encoding="UTF-8"?>
<!-- Generated by org.testng.reporters.JUnitReportReporter -->
<testsuite hostname="LAPTOP-CH5ODTAG" failures="0" tests="1" name="com.APIAutomation.Tests.RepoRelease" time="1.319" errors="0" timestamp="2021-06-10T23:28:13 IST" skipped="0">
  <testcase classname="com.APIAutomation.Tests.RepoRelease" name="repoAllReleases" time="1.319"/>
  <system-out/>
</testsuite> <!-- com.APIAutomation.Tests.RepoRelease -->
