<?xml version="1.0" encoding="UTF-8"?>
<!-- Generated by org.testng.reporters.JUnitReportReporter -->
<testsuite hostname="LAPTOP-CH5ODTAG" failures="0" tests="1" name="com.APIAutomation.GithubTest.AllRepositories" time="1.564" errors="0" timestamp="2021-06-10T23:15:22 IST" skipped="0">
  <testcase classname="com.APIAutomation.GithubTest.AllRepositories" name="validatingRepositories" time="1.564"/>
  <system-out/>
</testsuite> <!-- com.APIAutomation.GithubTest.AllRepositories -->
