<?xml version="1.0" encoding="UTF-8"?>
<!-- Generated by org.testng.reporters.JUnitReportReporter -->
<testsuite hostname="LAPTOP-CH5ODTAG" failures="0" tests="1" name="com.APIAutomation.Tests.LastRelease" time="1.344" errors="0" timestamp="2021-06-12T12:56:22 IST" skipped="0">
  <testcase classname="com.APIAutomation.Tests.LastRelease" name="getLastRelease" time="1.344"/>
  <system-out/>
</testsuite> <!-- com.APIAutomation.Tests.LastRelease -->
