<?xml version="1.0" encoding="UTF-8"?>
<!-- Generated by org.testng.reporters.JUnitReportReporter -->
<testsuite hostname="LAPTOP-CH5ODTAG" failures="0" tests="1" name="com.APIAutomation.github.githubGetRequest" time="1.435" errors="0" timestamp="2021-06-10T22:31:51 IST" skipped="0">
  <testcase classname="com.APIAutomation.github.githubGetRequest" name="getRequest" time="1.435"/>
  <system-out/>
</testsuite> <!-- com.APIAutomation.github.githubGetRequest -->
