<?xml version="1.0" encoding="UTF-8"?>
<!-- Generated by org.testng.reporters.JUnitReportReporter -->
<testsuite hostname="LAPTOP-CH5ODTAG" failures="0" tests="1" name="com.APIAutomation.github.getAllRepos" time="1.518" errors="0" timestamp="2021-06-10T22:54:29 IST" skipped="0">
  <testcase classname="com.APIAutomation.github.getAllRepos" name="getRequest" time="1.518"/>
  <system-out/>
</testsuite> <!-- com.APIAutomation.github.getAllRepos -->
